2016-10-11 18:53:40,724  INFO   ThreadID: [1]  Class: Weetop.Web.Global
###网站启动###

2016-10-11 18:54:48,151  DEBUG  ThreadID: [6]  Class: Weetop.Web.member.Account
查询账号额度接口 QueryAccountBalance:
http://120.26.69.248/msg/QueryAccountBalance?username=sykj20i6&password=bd14b7f22f8832675266ff9a73527723&timestamp=20161011185448&account=2MvMiNPrWac%3d

2016-10-11 18:54:48,200  DEBUG  ThreadID: [6]  Class: Weetop.Web.member.Account
查询账号额度接口 QueryAccountBalance:
20161011185449,202

2016-10-11 18:54:48,249  DEBUG  ThreadID: [6]  Class: Weetop.Web.member.Account
查询账号额度接口 QueryAccountBalance:
http://120.26.69.248/msg/QueryAccountBalance?username=sykj20i6&password=bd14b7f22f8832675266ff9a73527723&timestamp=20161011185448&account=DwXFgTDhCl8%3d

2016-10-11 18:54:48,258  DEBUG  ThreadID: [6]  Class: Weetop.Web.member.Account
查询账号额度接口 QueryAccountBalance:
20161011185449,202

2016-10-11 18:54:48,307  DEBUG  ThreadID: [6]  Class: Weetop.Web.member.Account
查询账号额度接口 QueryAccountBalance:
http://120.26.69.248/msg/QueryAccountBalance?username=sykj20i6&password=bd14b7f22f8832675266ff9a73527723&timestamp=20161011185448&account=Pt3X6nNXDSI%3d

2016-10-11 18:54:48,313  DEBUG  ThreadID: [6]  Class: Weetop.Web.member.Account
查询账号额度接口 QueryAccountBalance:
20161011185450,202

2016-10-11 18:54:48,346  DEBUG  ThreadID: [6]  Class: Weetop.Web.member.Account
查询统计报表接口 QueryReportSys:
http://120.26.69.248/msg/QueryReportSys?username=sykj20i6&password=bd14b7f22f8832675266ff9a73527723&timestamp=20161011185448&account=2MvMiNPrWac%3d&startDate=20161001&endDate=20161031

2016-10-11 18:54:48,352  DEBUG  ThreadID: [6]  Class: Weetop.Web.member.Account
查询统计报表接口 QueryReportSys:
20161011185450,202

2016-10-11 18:54:48,384  DEBUG  ThreadID: [6]  Class: Weetop.Web.member.Account
查询统计报表接口 QueryReportSys:
http://120.26.69.248/msg/QueryReportSys?username=sykj20i6&password=bd14b7f22f8832675266ff9a73527723&timestamp=20161011185448&account=DwXFgTDhCl8%3d&startDate=20161001&endDate=20161031

2016-10-11 18:54:48,389  DEBUG  ThreadID: [6]  Class: Weetop.Web.member.Account
查询统计报表接口 QueryReportSys:
20161011185450,202

2016-10-11 18:54:48,420  DEBUG  ThreadID: [6]  Class: Weetop.Web.member.Account
查询统计报表接口 QueryReportSys:
http://120.26.69.248/msg/QueryReportSys?username=sykj20i6&password=bd14b7f22f8832675266ff9a73527723&timestamp=20161011185448&account=Pt3X6nNXDSI%3d&startDate=20161001&endDate=20161031

2016-10-11 18:54:48,426  DEBUG  ThreadID: [6]  Class: Weetop.Web.member.Account
查询统计报表接口 QueryReportSys:
20161011185450,202

2016-10-11 18:54:51,740  DEBUG  ThreadID: [6]  Class: Weetop.Web.member.Account
查询账号额度接口 QueryAccountBalance:
http://120.26.69.248/msg/QueryAccountBalance?username=sykj20i6&password=cd0fbf0b8727afe22f9070ea49a34460&timestamp=20161011185451&account=2MvMiNPrWac%3d

2016-10-11 18:54:51,746  DEBUG  ThreadID: [6]  Class: Weetop.Web.member.Account
查询账号额度接口 QueryAccountBalance:
20161011185453,202

2016-10-11 18:54:51,794  DEBUG  ThreadID: [6]  Class: Weetop.Web.member.Account
查询账号额度接口 QueryAccountBalance:
http://120.26.69.248/msg/QueryAccountBalance?username=sykj20i6&password=cd0fbf0b8727afe22f9070ea49a34460&timestamp=20161011185451&account=DwXFgTDhCl8%3d

2016-10-11 18:54:51,800  DEBUG  ThreadID: [6]  Class: Weetop.Web.member.Account
查询账号额度接口 QueryAccountBalance:
20161011185453,202

2016-10-11 18:54:51,853  DEBUG  ThreadID: [6]  Class: Weetop.Web.member.Account
查询账号额度接口 QueryAccountBalance:
http://120.26.69.248/msg/QueryAccountBalance?username=sykj20i6&password=cd0fbf0b8727afe22f9070ea49a34460&timestamp=20161011185451&account=Pt3X6nNXDSI%3d

2016-10-11 18:54:51,858  DEBUG  ThreadID: [6]  Class: Weetop.Web.member.Account
查询账号额度接口 QueryAccountBalance:
20161011185453,202

2016-10-11 18:54:51,891  DEBUG  ThreadID: [6]  Class: Weetop.Web.member.Account
查询统计报表接口 QueryReportSys:
http://120.26.69.248/msg/QueryReportSys?username=sykj20i6&password=cd0fbf0b8727afe22f9070ea49a34460&timestamp=20161011185451&account=2MvMiNPrWac%3d&startDate=20161001&endDate=20161031

2016-10-11 18:54:51,896  DEBUG  ThreadID: [6]  Class: Weetop.Web.member.Account
查询统计报表接口 QueryReportSys:
20161011185453,202

2016-10-11 18:54:51,926  DEBUG  ThreadID: [6]  Class: Weetop.Web.member.Account
查询统计报表接口 QueryReportSys:
http://120.26.69.248/msg/QueryReportSys?username=sykj20i6&password=cd0fbf0b8727afe22f9070ea49a34460&timestamp=20161011185451&account=DwXFgTDhCl8%3d&startDate=20161001&endDate=20161031

2016-10-11 18:54:51,931  DEBUG  ThreadID: [6]  Class: Weetop.Web.member.Account
查询统计报表接口 QueryReportSys:
20161011185453,202

2016-10-11 18:54:51,970  DEBUG  ThreadID: [6]  Class: Weetop.Web.member.Account
查询统计报表接口 QueryReportSys:
http://120.26.69.248/msg/QueryReportSys?username=sykj20i6&password=cd0fbf0b8727afe22f9070ea49a34460&timestamp=20161011185451&account=Pt3X6nNXDSI%3d&startDate=20161001&endDate=20161031

2016-10-11 18:54:51,976  DEBUG  ThreadID: [6]  Class: Weetop.Web.member.Account
查询统计报表接口 QueryReportSys:
20161011185453,202

2016-10-11 18:56:41,741  DEBUG  ThreadID: [11]  Class: Weetop.BLL.ShiYuanSMS
发送短信链接：http://send.18sms.com/msg/HttpBatchSendSM?account=SYwzzy926&pswd=cMOq2DOE&mobile=18294567867&msg=您好，您的注册验证码是：100630，有效时间30分钟&needstatus=true&product=

2016-10-11 18:56:41,757  DEBUG  ThreadID: [11]  Class: Weetop.BLL.ShiYuanSMS
发送短信返回内容：20161011185643,117

2016-10-11 18:57:06,679  DEBUG  ThreadID: [12]  Class: Weetop.BLL.ShiYuanSMS
发送短信链接：http://send.18sms.com/msg/HttpBatchSendSM?account=SYwzzy926&pswd=cMOq2DOE&mobile=18294567867&msg=您好，您的注册验证码是：910145，有效时间30分钟&needstatus=true&product=

2016-10-11 18:57:06,690  DEBUG  ThreadID: [12]  Class: Weetop.BLL.ShiYuanSMS
发送短信返回内容：20161011185708,117

2016-10-11 18:57:24,477  DEBUG  ThreadID: [15]  Class: Weetop.BLL.ShiYuanSMS
发送短信链接：http://send.18sms.com/msg/HttpBatchSendSM?account=SYwzzy926&pswd=cMOq2DOE&mobile=18294567867&msg=您好，您的注册验证码是：163679，有效时间30分钟&needstatus=true&product=

2016-10-11 18:57:24,483  DEBUG  ThreadID: [15]  Class: Weetop.BLL.ShiYuanSMS
发送短信返回内容：20161011185726,117

2016-10-11 18:57:50,650  DEBUG  ThreadID: [12]  Class: Weetop.BLL.ShiYuanSMS
发送短信链接：http://send.18sms.com/msg/HttpBatchSendSM?account=SYwzzy926&pswd=cMOq2DOE&mobile=18294567867&msg=您好，您的注册验证码是：638383，有效时间30分钟&needstatus=true&product=

2016-10-11 18:57:50,669  DEBUG  ThreadID: [12]  Class: Weetop.BLL.ShiYuanSMS
发送短信返回内容：20161011185752,117

2016-10-11 18:58:42,487  DEBUG  ThreadID: [16]  Class: Weetop.BLL.ShiYuanSMS
发送短信链接：http://send.18sms.com/msg/HttpBatchSendSM?account=SYwzzy926&pswd=cMOq2DOE&mobile=18294567867&msg=您好，您的注册验证码是：320735，有效时间30分钟&needstatus=true&product=

2016-10-11 18:58:42,504  DEBUG  ThreadID: [16]  Class: Weetop.BLL.ShiYuanSMS
发送短信返回内容：20161011185844,117

