2016-10-11 16:28:31,608  INFO   ThreadID: [1]  Class: Weetop.Web.Global
###网站启动###

2016-10-11 16:29:03,245  DEBUG  ThreadID: [9]  Class: Weetop.Web.member.Account
查询账号额度接口 QueryAccountBalance:
http://120.26.69.248/msg/QueryAccountBalance?username=sykj20i6&password=3ee885acf8247062476884fb6838a68d&timestamp=20161011162903&account=2MvMiNPrWac%3d

2016-10-11 16:29:03,365  DEBUG  ThreadID: [9]  Class: Weetop.Web.member.Account
查询账号额度接口 QueryAccountBalance:
20161011162905,202

2016-10-11 16:29:03,521  DEBUG  ThreadID: [9]  Class: Weetop.Web.member.Account
查询账号额度接口 QueryAccountBalance:
http://120.26.69.248/msg/QueryAccountBalance?username=sykj20i6&password=3ee885acf8247062476884fb6838a68d&timestamp=20161011162903&account=DwXFgTDhCl8%3d

2016-10-11 16:29:03,529  DEBUG  ThreadID: [9]  Class: Weetop.Web.member.Account
查询账号额度接口 QueryAccountBalance:
20161011162905,202

2016-10-11 16:29:03,575  DEBUG  ThreadID: [9]  Class: Weetop.Web.member.Account
查询账号额度接口 QueryAccountBalance:
http://120.26.69.248/msg/QueryAccountBalance?username=sykj20i6&password=3ee885acf8247062476884fb6838a68d&timestamp=20161011162903&account=Pt3X6nNXDSI%3d

2016-10-11 16:29:03,580  DEBUG  ThreadID: [9]  Class: Weetop.Web.member.Account
查询账号额度接口 QueryAccountBalance:
20161011162905,202

2016-10-11 16:29:03,614  DEBUG  ThreadID: [9]  Class: Weetop.Web.member.Account
查询统计报表接口 QueryReportSys:
http://120.26.69.248/msg/QueryReportSys?username=sykj20i6&password=3ee885acf8247062476884fb6838a68d&timestamp=20161011162903&account=2MvMiNPrWac%3d&startDate=20161001&endDate=20161031

2016-10-11 16:29:03,619  DEBUG  ThreadID: [9]  Class: Weetop.Web.member.Account
查询统计报表接口 QueryReportSys:
20161011162905,202

2016-10-11 16:29:03,663  DEBUG  ThreadID: [9]  Class: Weetop.Web.member.Account
查询统计报表接口 QueryReportSys:
http://120.26.69.248/msg/QueryReportSys?username=sykj20i6&password=3ee885acf8247062476884fb6838a68d&timestamp=20161011162903&account=DwXFgTDhCl8%3d&startDate=20161001&endDate=20161031

2016-10-11 16:29:03,668  DEBUG  ThreadID: [9]  Class: Weetop.Web.member.Account
查询统计报表接口 QueryReportSys:
20161011162905,202

2016-10-11 16:29:03,708  DEBUG  ThreadID: [9]  Class: Weetop.Web.member.Account
查询统计报表接口 QueryReportSys:
http://120.26.69.248/msg/QueryReportSys?username=sykj20i6&password=3ee885acf8247062476884fb6838a68d&timestamp=20161011162903&account=Pt3X6nNXDSI%3d&startDate=20161001&endDate=20161031

2016-10-11 16:29:03,714  DEBUG  ThreadID: [9]  Class: Weetop.Web.member.Account
查询统计报表接口 QueryReportSys:
20161011162905,202

2016-10-11 16:29:51,007  INFO   ThreadID: [1]  Class: Weetop.Web.Global
###网站启动###

2016-10-11 16:30:24,884  INFO   ThreadID: [1]  Class: Weetop.Web.Global
###网站启动###

2016-10-11 16:30:32,287  DEBUG  ThreadID: [8]  Class: Weetop.Web.member.Account
查询账号额度接口 QueryAccountBalance:
http://120.26.69.248/msg/QueryAccountBalance?username=sykj20i6&password=293d0855e1a11e602f9a3290b63db921&timestamp=20161011163032&account=2MvMiNPrWac%3d

2016-10-11 16:30:32,319  DEBUG  ThreadID: [8]  Class: Weetop.Web.member.Account
查询账号额度接口 QueryAccountBalance:
20161011163034,202

2016-10-11 16:30:32,376  DEBUG  ThreadID: [8]  Class: Weetop.Web.member.Account
查询账号额度接口 QueryAccountBalance:
http://120.26.69.248/msg/QueryAccountBalance?username=sykj20i6&password=293d0855e1a11e602f9a3290b63db921&timestamp=20161011163032&account=DwXFgTDhCl8%3d

2016-10-11 16:30:32,383  DEBUG  ThreadID: [8]  Class: Weetop.Web.member.Account
查询账号额度接口 QueryAccountBalance:
20161011163034,202

2016-10-11 16:30:32,441  DEBUG  ThreadID: [8]  Class: Weetop.Web.member.Account
查询账号额度接口 QueryAccountBalance:
http://120.26.69.248/msg/QueryAccountBalance?username=sykj20i6&password=293d0855e1a11e602f9a3290b63db921&timestamp=20161011163032&account=Pt3X6nNXDSI%3d

2016-10-11 16:30:32,447  DEBUG  ThreadID: [8]  Class: Weetop.Web.member.Account
查询账号额度接口 QueryAccountBalance:
20161011163034,202

2016-10-11 16:30:32,488  DEBUG  ThreadID: [8]  Class: Weetop.Web.member.Account
查询统计报表接口 QueryReportSys:
http://120.26.69.248/msg/QueryReportSys?username=sykj20i6&password=293d0855e1a11e602f9a3290b63db921&timestamp=20161011163032&account=2MvMiNPrWac%3d&startDate=20161001&endDate=20161031

2016-10-11 16:30:32,493  DEBUG  ThreadID: [8]  Class: Weetop.Web.member.Account
查询统计报表接口 QueryReportSys:
20161011163034,202

2016-10-11 16:30:32,526  DEBUG  ThreadID: [8]  Class: Weetop.Web.member.Account
查询统计报表接口 QueryReportSys:
http://120.26.69.248/msg/QueryReportSys?username=sykj20i6&password=293d0855e1a11e602f9a3290b63db921&timestamp=20161011163032&account=DwXFgTDhCl8%3d&startDate=20161001&endDate=20161031

2016-10-11 16:30:32,531  DEBUG  ThreadID: [8]  Class: Weetop.Web.member.Account
查询统计报表接口 QueryReportSys:
20161011163034,202

2016-10-11 16:30:32,571  DEBUG  ThreadID: [8]  Class: Weetop.Web.member.Account
查询统计报表接口 QueryReportSys:
http://120.26.69.248/msg/QueryReportSys?username=sykj20i6&password=293d0855e1a11e602f9a3290b63db921&timestamp=20161011163032&account=Pt3X6nNXDSI%3d&startDate=20161001&endDate=20161031

2016-10-11 16:30:32,576  DEBUG  ThreadID: [8]  Class: Weetop.Web.member.Account
查询统计报表接口 QueryReportSys:
20161011163034,202

2016-10-11 16:30:51,163  DEBUG  ThreadID: [5]  Class: Weetop.Web.member.Account
查询账号额度接口 QueryAccountBalance:
http://120.26.69.248/msg/QueryAccountBalance?username=sykj20i6&password=5bb6c21c8042db943b45c85575e74996&timestamp=20161011163051&account=2MvMiNPrWac%3d

2016-10-11 16:30:51,169  DEBUG  ThreadID: [5]  Class: Weetop.Web.member.Account
查询账号额度接口 QueryAccountBalance:
20161011163052,202

2016-10-11 16:30:51,264  DEBUG  ThreadID: [5]  Class: Weetop.Web.member.Account
查询账号额度接口 QueryAccountBalance:
http://120.26.69.248/msg/QueryAccountBalance?username=sykj20i6&password=5bb6c21c8042db943b45c85575e74996&timestamp=20161011163051&account=DwXFgTDhCl8%3d

2016-10-11 16:30:51,269  DEBUG  ThreadID: [5]  Class: Weetop.Web.member.Account
查询账号额度接口 QueryAccountBalance:
20161011163052,202

2016-10-11 16:30:51,358  DEBUG  ThreadID: [5]  Class: Weetop.Web.member.Account
查询账号额度接口 QueryAccountBalance:
http://120.26.69.248/msg/QueryAccountBalance?username=sykj20i6&password=5bb6c21c8042db943b45c85575e74996&timestamp=20161011163051&account=Pt3X6nNXDSI%3d

2016-10-11 16:30:51,365  DEBUG  ThreadID: [5]  Class: Weetop.Web.member.Account
查询账号额度接口 QueryAccountBalance:
20161011163053,202

2016-10-11 16:30:51,424  DEBUG  ThreadID: [5]  Class: Weetop.Web.member.Account
查询统计报表接口 QueryReportSys:
http://120.26.69.248/msg/QueryReportSys?username=sykj20i6&password=5bb6c21c8042db943b45c85575e74996&timestamp=20161011163051&account=2MvMiNPrWac%3d&startDate=20161001&endDate=20161031

2016-10-11 16:30:51,430  DEBUG  ThreadID: [5]  Class: Weetop.Web.member.Account
查询统计报表接口 QueryReportSys:
20161011163053,202

2016-10-11 16:30:51,542  DEBUG  ThreadID: [5]  Class: Weetop.Web.member.Account
查询统计报表接口 QueryReportSys:
http://120.26.69.248/msg/QueryReportSys?username=sykj20i6&password=5bb6c21c8042db943b45c85575e74996&timestamp=20161011163051&account=DwXFgTDhCl8%3d&startDate=20161001&endDate=20161031

2016-10-11 16:30:51,547  DEBUG  ThreadID: [5]  Class: Weetop.Web.member.Account
查询统计报表接口 QueryReportSys:
20161011163053,202

2016-10-11 16:30:51,607  DEBUG  ThreadID: [5]  Class: Weetop.Web.member.Account
查询统计报表接口 QueryReportSys:
http://120.26.69.248/msg/QueryReportSys?username=sykj20i6&password=5bb6c21c8042db943b45c85575e74996&timestamp=20161011163051&account=Pt3X6nNXDSI%3d&startDate=20161001&endDate=20161031

2016-10-11 16:30:51,612  DEBUG  ThreadID: [5]  Class: Weetop.Web.member.Account
查询统计报表接口 QueryReportSys:
20161011163053,202

2016-10-11 16:37:45,491  INFO   ThreadID: [1]  Class: Weetop.Web.Global
###网站启动###

2016-10-11 16:37:57,523  DEBUG  ThreadID: [7]  Class: Weetop.Web.member.Account
查询账号额度接口 QueryAccountBalance:
http://120.26.69.248/msg/QueryAccountBalance?username=sykj20i6&password=3357943e12bfbd0517eab9790f4f7064&timestamp=20161011163757&account=2MvMiNPrWac%3d

2016-10-11 16:37:57,639  DEBUG  ThreadID: [7]  Class: Weetop.Web.member.Account
查询账号额度接口 QueryAccountBalance:
20161011163759,202

2016-10-11 16:37:57,740  DEBUG  ThreadID: [7]  Class: Weetop.Web.member.Account
查询账号额度接口 QueryAccountBalance:
http://120.26.69.248/msg/QueryAccountBalance?username=sykj20i6&password=3357943e12bfbd0517eab9790f4f7064&timestamp=20161011163757&account=DwXFgTDhCl8%3d

2016-10-11 16:37:57,754  DEBUG  ThreadID: [7]  Class: Weetop.Web.member.Account
查询账号额度接口 QueryAccountBalance:
20161011163759,202

2016-10-11 16:37:57,831  DEBUG  ThreadID: [7]  Class: Weetop.Web.member.Account
查询账号额度接口 QueryAccountBalance:
http://120.26.69.248/msg/QueryAccountBalance?username=sykj20i6&password=3357943e12bfbd0517eab9790f4f7064&timestamp=20161011163757&account=Pt3X6nNXDSI%3d

2016-10-11 16:37:57,839  DEBUG  ThreadID: [7]  Class: Weetop.Web.member.Account
查询账号额度接口 QueryAccountBalance:
20161011163759,202

2016-10-11 16:37:57,883  DEBUG  ThreadID: [7]  Class: Weetop.Web.member.Account
查询统计报表接口 QueryReportSys:
http://120.26.69.248/msg/QueryReportSys?username=sykj20i6&password=3357943e12bfbd0517eab9790f4f7064&timestamp=20161011163757&account=2MvMiNPrWac%3d&startDate=20161001&endDate=20161031

2016-10-11 16:37:57,889  DEBUG  ThreadID: [7]  Class: Weetop.Web.member.Account
查询统计报表接口 QueryReportSys:
20161011163759,202

2016-10-11 16:37:58,042  DEBUG  ThreadID: [7]  Class: Weetop.Web.member.Account
查询统计报表接口 QueryReportSys:
http://120.26.69.248/msg/QueryReportSys?username=sykj20i6&password=3357943e12bfbd0517eab9790f4f7064&timestamp=20161011163757&account=DwXFgTDhCl8%3d&startDate=20161001&endDate=20161031

2016-10-11 16:37:58,118  DEBUG  ThreadID: [7]  Class: Weetop.Web.member.Account
查询统计报表接口 QueryReportSys:
20161011163759,202

2016-10-11 16:37:58,416  DEBUG  ThreadID: [7]  Class: Weetop.Web.member.Account
查询统计报表接口 QueryReportSys:
http://120.26.69.248/msg/QueryReportSys?username=sykj20i6&password=055978c286ee529eb712aab883c687f0&timestamp=20161011163758&account=Pt3X6nNXDSI%3d&startDate=20161001&endDate=20161031

2016-10-11 16:37:58,501  DEBUG  ThreadID: [7]  Class: Weetop.Web.member.Account
查询统计报表接口 QueryReportSys:
20161011163800,202

2016-10-11 16:38:02,179  DEBUG  ThreadID: [6]  Class: Weetop.Web.member.Account
查询账号额度接口 QueryAccountBalance:
http://120.26.69.248/msg/QueryAccountBalance?username=sykj20i6&password=4dafefd57def044486c58aaf7d99d998&timestamp=20161011163802&account=2MvMiNPrWac%3d

2016-10-11 16:38:02,234  DEBUG  ThreadID: [6]  Class: Weetop.Web.member.Account
查询账号额度接口 QueryAccountBalance:
20161011163803,202

2016-10-11 16:38:02,651  DEBUG  ThreadID: [6]  Class: Weetop.Web.member.Account
查询账号额度接口 QueryAccountBalance:
http://120.26.69.248/msg/QueryAccountBalance?username=sykj20i6&password=4dafefd57def044486c58aaf7d99d998&timestamp=20161011163802&account=DwXFgTDhCl8%3d

2016-10-11 16:38:02,658  DEBUG  ThreadID: [6]  Class: Weetop.Web.member.Account
查询账号额度接口 QueryAccountBalance:
20161011163804,202

2016-10-11 16:38:02,725  DEBUG  ThreadID: [6]  Class: Weetop.Web.member.Account
查询账号额度接口 QueryAccountBalance:
http://120.26.69.248/msg/QueryAccountBalance?username=sykj20i6&password=4dafefd57def044486c58aaf7d99d998&timestamp=20161011163802&account=Pt3X6nNXDSI%3d

2016-10-11 16:38:02,731  DEBUG  ThreadID: [6]  Class: Weetop.Web.member.Account
查询账号额度接口 QueryAccountBalance:
20161011163804,202

2016-10-11 16:38:02,764  DEBUG  ThreadID: [6]  Class: Weetop.Web.member.Account
查询统计报表接口 QueryReportSys:
http://120.26.69.248/msg/QueryReportSys?username=sykj20i6&password=4dafefd57def044486c58aaf7d99d998&timestamp=20161011163802&account=2MvMiNPrWac%3d&startDate=20161001&endDate=20161031

2016-10-11 16:38:02,770  DEBUG  ThreadID: [6]  Class: Weetop.Web.member.Account
查询统计报表接口 QueryReportSys:
20161011163804,202

2016-10-11 16:38:02,803  DEBUG  ThreadID: [6]  Class: Weetop.Web.member.Account
查询统计报表接口 QueryReportSys:
http://120.26.69.248/msg/QueryReportSys?username=sykj20i6&password=4dafefd57def044486c58aaf7d99d998&timestamp=20161011163802&account=DwXFgTDhCl8%3d&startDate=20161001&endDate=20161031

2016-10-11 16:38:02,808  DEBUG  ThreadID: [6]  Class: Weetop.Web.member.Account
查询统计报表接口 QueryReportSys:
20161011163804,202

2016-10-11 16:38:02,861  DEBUG  ThreadID: [6]  Class: Weetop.Web.member.Account
查询统计报表接口 QueryReportSys:
http://120.26.69.248/msg/QueryReportSys?username=sykj20i6&password=4dafefd57def044486c58aaf7d99d998&timestamp=20161011163802&account=Pt3X6nNXDSI%3d&startDate=20161001&endDate=20161031

2016-10-11 16:38:02,868  DEBUG  ThreadID: [6]  Class: Weetop.Web.member.Account
查询统计报表接口 QueryReportSys:
20161011163804,202

2016-10-11 16:41:28,880  INFO   ThreadID: [1]  Class: Weetop.Web.Global
###网站启动###

2016-10-11 16:41:37,338  DEBUG  ThreadID: [7]  Class: Weetop.Web.member.Account
查询账号额度接口 QueryAccountBalance:
http://120.26.69.248/msg/QueryAccountBalance?username=sykj20i6&password=5f40fef3b403002419dcd085bdb2f276&timestamp=20161011164137&account=2MvMiNPrWac%3d

2016-10-11 16:41:37,422  DEBUG  ThreadID: [7]  Class: Weetop.Web.member.Account
查询账号额度接口 QueryAccountBalance:
20161011164139,202

2016-10-11 16:41:37,468  DEBUG  ThreadID: [7]  Class: Weetop.Web.member.Account
查询账号额度接口 QueryAccountBalance:
http://120.26.69.248/msg/QueryAccountBalance?username=sykj20i6&password=5f40fef3b403002419dcd085bdb2f276&timestamp=20161011164137&account=DwXFgTDhCl8%3d

2016-10-11 16:41:37,479  DEBUG  ThreadID: [7]  Class: Weetop.Web.member.Account
查询账号额度接口 QueryAccountBalance:
20161011164139,202

2016-10-11 16:41:37,536  DEBUG  ThreadID: [7]  Class: Weetop.Web.member.Account
查询账号额度接口 QueryAccountBalance:
http://120.26.69.248/msg/QueryAccountBalance?username=sykj20i6&password=5f40fef3b403002419dcd085bdb2f276&timestamp=20161011164137&account=Pt3X6nNXDSI%3d

2016-10-11 16:41:37,541  DEBUG  ThreadID: [7]  Class: Weetop.Web.member.Account
查询账号额度接口 QueryAccountBalance:
20161011164139,202

2016-10-11 16:41:37,576  DEBUG  ThreadID: [7]  Class: Weetop.Web.member.Account
查询统计报表接口 QueryReportSys:
http://120.26.69.248/msg/QueryReportSys?username=sykj20i6&password=5f40fef3b403002419dcd085bdb2f276&timestamp=20161011164137&account=2MvMiNPrWac%3d&startDate=20161001&endDate=20161031

2016-10-11 16:41:37,581  DEBUG  ThreadID: [7]  Class: Weetop.Web.member.Account
查询统计报表接口 QueryReportSys:
20161011164139,202

2016-10-11 16:41:37,618  DEBUG  ThreadID: [7]  Class: Weetop.Web.member.Account
查询统计报表接口 QueryReportSys:
http://120.26.69.248/msg/QueryReportSys?username=sykj20i6&password=5f40fef3b403002419dcd085bdb2f276&timestamp=20161011164137&account=DwXFgTDhCl8%3d&startDate=20161001&endDate=20161031

2016-10-11 16:41:37,624  DEBUG  ThreadID: [7]  Class: Weetop.Web.member.Account
查询统计报表接口 QueryReportSys:
20161011164139,202

2016-10-11 16:41:37,669  DEBUG  ThreadID: [7]  Class: Weetop.Web.member.Account
查询统计报表接口 QueryReportSys:
http://120.26.69.248/msg/QueryReportSys?username=sykj20i6&password=5f40fef3b403002419dcd085bdb2f276&timestamp=20161011164137&account=Pt3X6nNXDSI%3d&startDate=20161001&endDate=20161031

2016-10-11 16:41:37,674  DEBUG  ThreadID: [7]  Class: Weetop.Web.member.Account
查询统计报表接口 QueryReportSys:
20161011164139,202

2016-10-11 16:41:41,420  DEBUG  ThreadID: [7]  Class: Weetop.Web.member.Account
查询账号额度接口 QueryAccountBalance:
http://120.26.69.248/msg/QueryAccountBalance?username=sykj20i6&password=07277c44b0b8f362effa3e54fb47e71a&timestamp=20161011164141&account=2MvMiNPrWac%3d

2016-10-11 16:41:41,555  DEBUG  ThreadID: [7]  Class: Weetop.Web.member.Account
查询账号额度接口 QueryAccountBalance:
20161011164143,202

2016-10-11 16:41:42,016  DEBUG  ThreadID: [7]  Class: Weetop.Web.member.Account
查询账号额度接口 QueryAccountBalance:
http://120.26.69.248/msg/QueryAccountBalance?username=sykj20i6&password=07277c44b0b8f362effa3e54fb47e71a&timestamp=20161011164141&account=DwXFgTDhCl8%3d

2016-10-11 16:41:42,163  DEBUG  ThreadID: [7]  Class: Weetop.Web.member.Account
查询账号额度接口 QueryAccountBalance:
20161011164143,202

2016-10-11 16:41:43,097  DEBUG  ThreadID: [7]  Class: Weetop.Web.member.Account
查询账号额度接口 QueryAccountBalance:
http://120.26.69.248/msg/QueryAccountBalance?username=sykj20i6&password=882c94a50df9543d85ec7fb7358d79ae&timestamp=20161011164142&account=Pt3X6nNXDSI%3d

2016-10-11 16:41:43,237  DEBUG  ThreadID: [7]  Class: Weetop.Web.member.Account
查询账号额度接口 QueryAccountBalance:
20161011164144,202

2016-10-11 16:41:43,512  DEBUG  ThreadID: [7]  Class: Weetop.Web.member.Account
查询统计报表接口 QueryReportSys:
http://120.26.69.248/msg/QueryReportSys?username=sykj20i6&password=a09d851a9b42e41821823453a3a8883a&timestamp=20161011164143&account=2MvMiNPrWac%3d&startDate=20161001&endDate=20161031

2016-10-11 16:41:43,653  DEBUG  ThreadID: [7]  Class: Weetop.Web.member.Account
查询统计报表接口 QueryReportSys:
20161011164145,202

2016-10-11 16:41:43,763  DEBUG  ThreadID: [7]  Class: Weetop.Web.member.Account
查询统计报表接口 QueryReportSys:
http://120.26.69.248/msg/QueryReportSys?username=sykj20i6&password=a09d851a9b42e41821823453a3a8883a&timestamp=20161011164143&account=DwXFgTDhCl8%3d&startDate=20161001&endDate=20161031

2016-10-11 16:41:43,853  DEBUG  ThreadID: [7]  Class: Weetop.Web.member.Account
查询统计报表接口 QueryReportSys:
20161011164145,202

2016-10-11 16:41:44,152  DEBUG  ThreadID: [7]  Class: Weetop.Web.member.Account
查询统计报表接口 QueryReportSys:
http://120.26.69.248/msg/QueryReportSys?username=sykj20i6&password=a09d851a9b42e41821823453a3a8883a&timestamp=20161011164143&account=Pt3X6nNXDSI%3d&startDate=20161001&endDate=20161031

2016-10-11 16:41:44,253  DEBUG  ThreadID: [7]  Class: Weetop.Web.member.Account
查询统计报表接口 QueryReportSys:
20161011164145,202

2016-10-11 16:48:10,184  INFO   ThreadID: [1]  Class: Weetop.Web.Global
###网站启动###

2016-10-11 16:48:18,327  DEBUG  ThreadID: [7]  Class: Weetop.Web.member.Account
查询账号额度接口 QueryAccountBalance:
http://120.26.69.248/msg/QueryAccountBalance?username=sykj20i6&password=6e50307e0db14d70887c293dc3bd87a0&timestamp=20161011164818&account=2MvMiNPrWac%3d

2016-10-11 16:48:18,377  DEBUG  ThreadID: [7]  Class: Weetop.Web.member.Account
查询账号额度接口 QueryAccountBalance:
20161011164820,202

2016-10-11 16:48:18,562  DEBUG  ThreadID: [7]  Class: Weetop.Web.member.Account
查询账号额度接口 QueryAccountBalance:
http://120.26.69.248/msg/QueryAccountBalance?username=sykj20i6&password=6e50307e0db14d70887c293dc3bd87a0&timestamp=20161011164818&account=DwXFgTDhCl8%3d

2016-10-11 16:48:18,569  DEBUG  ThreadID: [7]  Class: Weetop.Web.member.Account
查询账号额度接口 QueryAccountBalance:
20161011164820,202

2016-10-11 16:48:18,657  DEBUG  ThreadID: [7]  Class: Weetop.Web.member.Account
查询账号额度接口 QueryAccountBalance:
http://120.26.69.248/msg/QueryAccountBalance?username=sykj20i6&password=6e50307e0db14d70887c293dc3bd87a0&timestamp=20161011164818&account=Pt3X6nNXDSI%3d

2016-10-11 16:48:18,662  DEBUG  ThreadID: [7]  Class: Weetop.Web.member.Account
查询账号额度接口 QueryAccountBalance:
20161011164820,202

2016-10-11 16:48:18,826  DEBUG  ThreadID: [7]  Class: Weetop.Web.member.Account
查询统计报表接口 QueryReportSys:
http://120.26.69.248/msg/QueryReportSys?username=sykj20i6&password=6e50307e0db14d70887c293dc3bd87a0&timestamp=20161011164818&account=2MvMiNPrWac%3d&startDate=20161001&endDate=20161031

2016-10-11 16:48:18,832  DEBUG  ThreadID: [7]  Class: Weetop.Web.member.Account
查询统计报表接口 QueryReportSys:
20161011164820,202

2016-10-11 16:48:19,009  DEBUG  ThreadID: [7]  Class: Weetop.Web.member.Account
查询统计报表接口 QueryReportSys:
http://120.26.69.248/msg/QueryReportSys?username=sykj20i6&password=6e50307e0db14d70887c293dc3bd87a0&timestamp=20161011164818&account=DwXFgTDhCl8%3d&startDate=20161001&endDate=20161031

2016-10-11 16:48:19,014  DEBUG  ThreadID: [7]  Class: Weetop.Web.member.Account
查询统计报表接口 QueryReportSys:
20161011164820,202

2016-10-11 16:48:19,050  DEBUG  ThreadID: [7]  Class: Weetop.Web.member.Account
查询统计报表接口 QueryReportSys:
http://120.26.69.248/msg/QueryReportSys?username=sykj20i6&password=2186c7d91d8d8725e6bda7700c79bf50&timestamp=20161011164819&account=Pt3X6nNXDSI%3d&startDate=20161001&endDate=20161031

2016-10-11 16:48:19,056  DEBUG  ThreadID: [7]  Class: Weetop.Web.member.Account
查询统计报表接口 QueryReportSys:
20161011164820,202

2016-10-11 16:48:22,255  DEBUG  ThreadID: [7]  Class: Weetop.Web.member.Account
查询账号额度接口 QueryAccountBalance:
http://120.26.69.248/msg/QueryAccountBalance?username=sykj20i6&password=c2262e3d8eb4fa90758d481ea4db8935&timestamp=20161011164822&account=2MvMiNPrWac%3d

2016-10-11 16:48:22,261  DEBUG  ThreadID: [7]  Class: Weetop.Web.member.Account
查询账号额度接口 QueryAccountBalance:
20161011164823,202

2016-10-11 16:48:22,316  DEBUG  ThreadID: [7]  Class: Weetop.Web.member.Account
查询账号额度接口 QueryAccountBalance:
http://120.26.69.248/msg/QueryAccountBalance?username=sykj20i6&password=c2262e3d8eb4fa90758d481ea4db8935&timestamp=20161011164822&account=DwXFgTDhCl8%3d

2016-10-11 16:48:22,321  DEBUG  ThreadID: [7]  Class: Weetop.Web.member.Account
查询账号额度接口 QueryAccountBalance:
20161011164824,202

2016-10-11 16:48:22,369  DEBUG  ThreadID: [7]  Class: Weetop.Web.member.Account
查询账号额度接口 QueryAccountBalance:
http://120.26.69.248/msg/QueryAccountBalance?username=sykj20i6&password=c2262e3d8eb4fa90758d481ea4db8935&timestamp=20161011164822&account=Pt3X6nNXDSI%3d

2016-10-11 16:48:22,374  DEBUG  ThreadID: [7]  Class: Weetop.Web.member.Account
查询账号额度接口 QueryAccountBalance:
20161011164824,202

2016-10-11 16:48:22,404  DEBUG  ThreadID: [7]  Class: Weetop.Web.member.Account
查询统计报表接口 QueryReportSys:
http://120.26.69.248/msg/QueryReportSys?username=sykj20i6&password=c2262e3d8eb4fa90758d481ea4db8935&timestamp=20161011164822&account=2MvMiNPrWac%3d&startDate=20161001&endDate=20161031

2016-10-11 16:48:22,410  DEBUG  ThreadID: [7]  Class: Weetop.Web.member.Account
查询统计报表接口 QueryReportSys:
20161011164824,202

2016-10-11 16:48:22,442  DEBUG  ThreadID: [7]  Class: Weetop.Web.member.Account
查询统计报表接口 QueryReportSys:
http://120.26.69.248/msg/QueryReportSys?username=sykj20i6&password=c2262e3d8eb4fa90758d481ea4db8935&timestamp=20161011164822&account=DwXFgTDhCl8%3d&startDate=20161001&endDate=20161031

2016-10-11 16:48:22,447  DEBUG  ThreadID: [7]  Class: Weetop.Web.member.Account
查询统计报表接口 QueryReportSys:
20161011164824,202

2016-10-11 16:48:22,479  DEBUG  ThreadID: [7]  Class: Weetop.Web.member.Account
查询统计报表接口 QueryReportSys:
http://120.26.69.248/msg/QueryReportSys?username=sykj20i6&password=c2262e3d8eb4fa90758d481ea4db8935&timestamp=20161011164822&account=Pt3X6nNXDSI%3d&startDate=20161001&endDate=20161031

2016-10-11 16:48:22,487  DEBUG  ThreadID: [7]  Class: Weetop.Web.member.Account
查询统计报表接口 QueryReportSys:
20161011164824,202

2016-10-11 16:56:10,723  DEBUG  ThreadID: [13]  Class: Weetop.Web.member.Account
查询账号额度接口 QueryAccountBalance:
http://120.26.69.248/msg/QueryAccountBalance?username=sykj20i6&password=3bbe17f086d510e396e35c0a29bfcef0&timestamp=20161011165610&account=2MvMiNPrWac%3d

2016-10-11 16:56:10,843  DEBUG  ThreadID: [13]  Class: Weetop.Web.member.Account
查询账号额度接口 QueryAccountBalance:
20161011165612,202

2016-10-11 16:56:11,025  DEBUG  ThreadID: [13]  Class: Weetop.Web.member.Account
查询账号额度接口 QueryAccountBalance:
http://120.26.69.248/msg/QueryAccountBalance?username=sykj20i6&password=3bbe17f086d510e396e35c0a29bfcef0&timestamp=20161011165610&account=DwXFgTDhCl8%3d

2016-10-11 16:56:11,084  DEBUG  ThreadID: [13]  Class: Weetop.Web.member.Account
查询账号额度接口 QueryAccountBalance:
20161011165612,202

2016-10-11 16:56:11,282  DEBUG  ThreadID: [13]  Class: Weetop.Web.member.Account
查询账号额度接口 QueryAccountBalance:
http://120.26.69.248/msg/QueryAccountBalance?username=sykj20i6&password=15d82848033be695a43cf1fc25a23dc2&timestamp=20161011165611&account=Pt3X6nNXDSI%3d

2016-10-11 16:56:11,331  DEBUG  ThreadID: [13]  Class: Weetop.Web.member.Account
查询账号额度接口 QueryAccountBalance:
20161011165613,202

2016-10-11 16:56:11,460  DEBUG  ThreadID: [13]  Class: Weetop.Web.member.Account
查询统计报表接口 QueryReportSys:
http://120.26.69.248/msg/QueryReportSys?username=sykj20i6&password=15d82848033be695a43cf1fc25a23dc2&timestamp=20161011165611&account=2MvMiNPrWac%3d&startDate=20161001&endDate=20161031

2016-10-11 16:56:11,507  DEBUG  ThreadID: [13]  Class: Weetop.Web.member.Account
查询统计报表接口 QueryReportSys:
20161011165613,202

2016-10-11 16:56:11,636  DEBUG  ThreadID: [13]  Class: Weetop.Web.member.Account
查询统计报表接口 QueryReportSys:
http://120.26.69.248/msg/QueryReportSys?username=sykj20i6&password=15d82848033be695a43cf1fc25a23dc2&timestamp=20161011165611&account=DwXFgTDhCl8%3d&startDate=20161001&endDate=20161031

2016-10-11 16:56:11,685  DEBUG  ThreadID: [13]  Class: Weetop.Web.member.Account
查询统计报表接口 QueryReportSys:
20161011165613,202

2016-10-11 16:56:11,807  DEBUG  ThreadID: [13]  Class: Weetop.Web.member.Account
查询统计报表接口 QueryReportSys:
http://120.26.69.248/msg/QueryReportSys?username=sykj20i6&password=15d82848033be695a43cf1fc25a23dc2&timestamp=20161011165611&account=Pt3X6nNXDSI%3d&startDate=20161001&endDate=20161031

2016-10-11 16:56:11,853  DEBUG  ThreadID: [13]  Class: Weetop.Web.member.Account
查询统计报表接口 QueryReportSys:
20161011165613,202

2016-10-11 16:56:13,461  DEBUG  ThreadID: [13]  Class: Weetop.Web.member.Account
查询账号额度接口 QueryAccountBalance:
http://120.26.69.248/msg/QueryAccountBalance?username=sykj20i6&password=08b881838278af23e4a46eb78a6d514b&timestamp=20161011165613&account=2MvMiNPrWac%3d

2016-10-11 16:56:13,508  DEBUG  ThreadID: [13]  Class: Weetop.Web.member.Account
查询账号额度接口 QueryAccountBalance:
20161011165615,202

2016-10-11 16:56:13,684  DEBUG  ThreadID: [13]  Class: Weetop.Web.member.Account
查询账号额度接口 QueryAccountBalance:
http://120.26.69.248/msg/QueryAccountBalance?username=sykj20i6&password=08b881838278af23e4a46eb78a6d514b&timestamp=20161011165613&account=DwXFgTDhCl8%3d

2016-10-11 16:56:13,732  DEBUG  ThreadID: [13]  Class: Weetop.Web.member.Account
查询账号额度接口 QueryAccountBalance:
20161011165615,202

2016-10-11 16:56:13,921  DEBUG  ThreadID: [13]  Class: Weetop.Web.member.Account
查询账号额度接口 QueryAccountBalance:
http://120.26.69.248/msg/QueryAccountBalance?username=sykj20i6&password=08b881838278af23e4a46eb78a6d514b&timestamp=20161011165613&account=Pt3X6nNXDSI%3d

2016-10-11 16:56:13,967  DEBUG  ThreadID: [13]  Class: Weetop.Web.member.Account
查询账号额度接口 QueryAccountBalance:
20161011165615,202

2016-10-11 16:56:14,085  DEBUG  ThreadID: [13]  Class: Weetop.Web.member.Account
查询统计报表接口 QueryReportSys:
http://120.26.69.248/msg/QueryReportSys?username=sykj20i6&password=b43c398e5ac6d009a6abdd236b555a48&timestamp=20161011165614&account=2MvMiNPrWac%3d&startDate=20161001&endDate=20161031

2016-10-11 16:56:14,138  DEBUG  ThreadID: [13]  Class: Weetop.Web.member.Account
查询统计报表接口 QueryReportSys:
20161011165615,202

2016-10-11 16:56:14,253  DEBUG  ThreadID: [13]  Class: Weetop.Web.member.Account
查询统计报表接口 QueryReportSys:
http://120.26.69.248/msg/QueryReportSys?username=sykj20i6&password=b43c398e5ac6d009a6abdd236b555a48&timestamp=20161011165614&account=DwXFgTDhCl8%3d&startDate=20161001&endDate=20161031

2016-10-11 16:56:14,301  DEBUG  ThreadID: [13]  Class: Weetop.Web.member.Account
查询统计报表接口 QueryReportSys:
20161011165615,202

2016-10-11 16:56:14,420  DEBUG  ThreadID: [13]  Class: Weetop.Web.member.Account
查询统计报表接口 QueryReportSys:
http://120.26.69.248/msg/QueryReportSys?username=sykj20i6&password=b43c398e5ac6d009a6abdd236b555a48&timestamp=20161011165614&account=Pt3X6nNXDSI%3d&startDate=20161001&endDate=20161031

2016-10-11 16:56:14,469  DEBUG  ThreadID: [13]  Class: Weetop.Web.member.Account
查询统计报表接口 QueryReportSys:
20161011165616,202

2016-10-11 16:56:19,456  DEBUG  ThreadID: [13]  Class: Weetop.Web.member.Account
查询账号额度接口 QueryAccountBalance:
http://120.26.69.248/msg/QueryAccountBalance?username=sykj20i6&password=0a761d952d8cabc35eecc3fb3d1f7b0b&timestamp=20161011165619&account=2MvMiNPrWac%3d

2016-10-11 16:56:19,508  DEBUG  ThreadID: [13]  Class: Weetop.Web.member.Account
查询账号额度接口 QueryAccountBalance:
20161011165621,202

2016-10-11 16:56:19,715  DEBUG  ThreadID: [13]  Class: Weetop.Web.member.Account
查询账号额度接口 QueryAccountBalance:
http://120.26.69.248/msg/QueryAccountBalance?username=sykj20i6&password=0a761d952d8cabc35eecc3fb3d1f7b0b&timestamp=20161011165619&account=DwXFgTDhCl8%3d

2016-10-11 16:56:19,774  DEBUG  ThreadID: [13]  Class: Weetop.Web.member.Account
查询账号额度接口 QueryAccountBalance:
20161011165621,202

2016-10-11 16:56:20,052  DEBUG  ThreadID: [13]  Class: Weetop.Web.member.Account
查询账号额度接口 QueryAccountBalance:
http://120.26.69.248/msg/QueryAccountBalance?username=sykj20i6&password=0a761d952d8cabc35eecc3fb3d1f7b0b&timestamp=20161011165619&account=Pt3X6nNXDSI%3d

2016-10-11 16:56:20,124  DEBUG  ThreadID: [13]  Class: Weetop.Web.member.Account
查询账号额度接口 QueryAccountBalance:
20161011165621,202

2016-10-11 16:56:20,305  DEBUG  ThreadID: [13]  Class: Weetop.Web.member.Account
查询统计报表接口 QueryReportSys:
http://120.26.69.248/msg/QueryReportSys?username=sykj20i6&password=f047fd433656468d486f5feaf869be52&timestamp=20161011165620&account=2MvMiNPrWac%3d&startDate=20161001&endDate=20161031

2016-10-11 16:56:20,353  DEBUG  ThreadID: [13]  Class: Weetop.Web.member.Account
查询统计报表接口 QueryReportSys:
20161011165622,202

2016-10-11 16:56:20,706  DEBUG  ThreadID: [13]  Class: Weetop.Web.member.Account
查询统计报表接口 QueryReportSys:
http://120.26.69.248/msg/QueryReportSys?username=sykj20i6&password=f047fd433656468d486f5feaf869be52&timestamp=20161011165620&account=DwXFgTDhCl8%3d&startDate=20161001&endDate=20161031

2016-10-11 16:56:20,769  DEBUG  ThreadID: [13]  Class: Weetop.Web.member.Account
查询统计报表接口 QueryReportSys:
20161011165622,202

2016-10-11 16:56:20,940  DEBUG  ThreadID: [13]  Class: Weetop.Web.member.Account
查询统计报表接口 QueryReportSys:
http://120.26.69.248/msg/QueryReportSys?username=sykj20i6&password=f047fd433656468d486f5feaf869be52&timestamp=20161011165620&account=Pt3X6nNXDSI%3d&startDate=20161001&endDate=20161031

2016-10-11 16:56:21,028  DEBUG  ThreadID: [13]  Class: Weetop.Web.member.Account
查询统计报表接口 QueryReportSys:
20161011165622,202

2016-10-11 16:57:01,244  INFO   ThreadID: [1]  Class: Weetop.Web.Global
###网站启动###

2016-10-11 16:57:06,367  DEBUG  ThreadID: [6]  Class: Weetop.Web.member.Account
查询账号额度接口 QueryAccountBalance:
http://120.26.69.248/msg/QueryAccountBalance?username=sykj20i6&password=8d98d8857fcc79f71f56deb4808e4ec4&timestamp=20161011165706&account=2MvMiNPrWac%3d

2016-10-11 16:57:06,406  DEBUG  ThreadID: [6]  Class: Weetop.Web.member.Account
查询账号额度接口 QueryAccountBalance:
20161011165708,202

2016-10-11 16:57:06,454  DEBUG  ThreadID: [6]  Class: Weetop.Web.member.Account
查询账号额度接口 QueryAccountBalance:
http://120.26.69.248/msg/QueryAccountBalance?username=sykj20i6&password=8d98d8857fcc79f71f56deb4808e4ec4&timestamp=20161011165706&account=DwXFgTDhCl8%3d

2016-10-11 16:57:06,461  DEBUG  ThreadID: [6]  Class: Weetop.Web.member.Account
查询账号额度接口 QueryAccountBalance:
20161011165708,202

2016-10-11 16:57:06,516  DEBUG  ThreadID: [6]  Class: Weetop.Web.member.Account
查询账号额度接口 QueryAccountBalance:
http://120.26.69.248/msg/QueryAccountBalance?username=sykj20i6&password=8d98d8857fcc79f71f56deb4808e4ec4&timestamp=20161011165706&account=Pt3X6nNXDSI%3d

2016-10-11 16:57:06,522  DEBUG  ThreadID: [6]  Class: Weetop.Web.member.Account
查询账号额度接口 QueryAccountBalance:
20161011165708,202

2016-10-11 16:57:06,557  DEBUG  ThreadID: [6]  Class: Weetop.Web.member.Account
查询统计报表接口 QueryReportSys:
http://120.26.69.248/msg/QueryReportSys?username=sykj20i6&password=8d98d8857fcc79f71f56deb4808e4ec4&timestamp=20161011165706&account=2MvMiNPrWac%3d&startDate=20161001&endDate=20161031

2016-10-11 16:57:06,563  DEBUG  ThreadID: [6]  Class: Weetop.Web.member.Account
查询统计报表接口 QueryReportSys:
20161011165708,202

2016-10-11 16:57:06,595  DEBUG  ThreadID: [6]  Class: Weetop.Web.member.Account
查询统计报表接口 QueryReportSys:
http://120.26.69.248/msg/QueryReportSys?username=sykj20i6&password=8d98d8857fcc79f71f56deb4808e4ec4&timestamp=20161011165706&account=DwXFgTDhCl8%3d&startDate=20161001&endDate=20161031

2016-10-11 16:57:06,600  DEBUG  ThreadID: [6]  Class: Weetop.Web.member.Account
查询统计报表接口 QueryReportSys:
20161011165708,202

2016-10-11 16:57:06,639  DEBUG  ThreadID: [6]  Class: Weetop.Web.member.Account
查询统计报表接口 QueryReportSys:
http://120.26.69.248/msg/QueryReportSys?username=sykj20i6&password=8d98d8857fcc79f71f56deb4808e4ec4&timestamp=20161011165706&account=Pt3X6nNXDSI%3d&startDate=20161001&endDate=20161031

2016-10-11 16:57:06,644  DEBUG  ThreadID: [6]  Class: Weetop.Web.member.Account
查询统计报表接口 QueryReportSys:
20161011165708,202

2016-10-11 16:57:30,054  DEBUG  ThreadID: [6]  Class: Weetop.Web.member.Account
查询账号额度接口 QueryAccountBalance:
http://120.26.69.248/msg/QueryAccountBalance?username=sykj20i6&password=78c8f5908ca7aa6c474087db71075f3c&timestamp=20161011165730&account=2MvMiNPrWac%3d

2016-10-11 16:57:30,065  DEBUG  ThreadID: [6]  Class: Weetop.Web.member.Account
查询账号额度接口 QueryAccountBalance:
20161011165731,202

2016-10-11 16:57:30,122  DEBUG  ThreadID: [6]  Class: Weetop.Web.member.Account
查询账号额度接口 QueryAccountBalance:
http://120.26.69.248/msg/QueryAccountBalance?username=sykj20i6&password=78c8f5908ca7aa6c474087db71075f3c&timestamp=20161011165730&account=DwXFgTDhCl8%3d

2016-10-11 16:57:30,127  DEBUG  ThreadID: [6]  Class: Weetop.Web.member.Account
查询账号额度接口 QueryAccountBalance:
20161011165731,202

2016-10-11 16:57:30,191  DEBUG  ThreadID: [6]  Class: Weetop.Web.member.Account
查询账号额度接口 QueryAccountBalance:
http://120.26.69.248/msg/QueryAccountBalance?username=sykj20i6&password=78c8f5908ca7aa6c474087db71075f3c&timestamp=20161011165730&account=Pt3X6nNXDSI%3d

2016-10-11 16:57:30,202  DEBUG  ThreadID: [6]  Class: Weetop.Web.member.Account
查询账号额度接口 QueryAccountBalance:
20161011165731,202

2016-10-11 16:57:30,318  DEBUG  ThreadID: [6]  Class: Weetop.Web.member.Account
查询统计报表接口 QueryReportSys:
http://120.26.69.248/msg/QueryReportSys?username=sykj20i6&password=78c8f5908ca7aa6c474087db71075f3c&timestamp=20161011165730&account=2MvMiNPrWac%3d&startDate=20161001&endDate=20161031

2016-10-11 16:57:30,325  DEBUG  ThreadID: [6]  Class: Weetop.Web.member.Account
查询统计报表接口 QueryReportSys:
20161011165732,202

2016-10-11 16:57:30,366  DEBUG  ThreadID: [6]  Class: Weetop.Web.member.Account
查询统计报表接口 QueryReportSys:
http://120.26.69.248/msg/QueryReportSys?username=sykj20i6&password=78c8f5908ca7aa6c474087db71075f3c&timestamp=20161011165730&account=DwXFgTDhCl8%3d&startDate=20161001&endDate=20161031

2016-10-11 16:57:30,374  DEBUG  ThreadID: [6]  Class: Weetop.Web.member.Account
查询统计报表接口 QueryReportSys:
20161011165732,202

2016-10-11 16:57:30,418  DEBUG  ThreadID: [6]  Class: Weetop.Web.member.Account
查询统计报表接口 QueryReportSys:
http://120.26.69.248/msg/QueryReportSys?username=sykj20i6&password=78c8f5908ca7aa6c474087db71075f3c&timestamp=20161011165730&account=Pt3X6nNXDSI%3d&startDate=20161001&endDate=20161031

2016-10-11 16:57:30,423  DEBUG  ThreadID: [6]  Class: Weetop.Web.member.Account
查询统计报表接口 QueryReportSys:
20161011165732,202

2016-10-11 16:58:21,893  INFO   ThreadID: [1]  Class: Weetop.Web.Global
###网站启动###

2016-10-11 16:58:29,141  DEBUG  ThreadID: [6]  Class: Weetop.Web.member.Account
查询账号额度接口 QueryAccountBalance:
http://120.26.69.248/msg/QueryAccountBalance?username=sykj20i6&password=b990106b4a841ab832e95e0563b1e32f&timestamp=20161011165829&account=2MvMiNPrWac%3d

2016-10-11 16:58:29,233  DEBUG  ThreadID: [6]  Class: Weetop.Web.member.Account
查询账号额度接口 QueryAccountBalance:
20161011165830,202

2016-10-11 16:58:29,333  DEBUG  ThreadID: [6]  Class: Weetop.Web.member.Account
查询账号额度接口 QueryAccountBalance:
http://120.26.69.248/msg/QueryAccountBalance?username=sykj20i6&password=b990106b4a841ab832e95e0563b1e32f&timestamp=20161011165829&account=DwXFgTDhCl8%3d

2016-10-11 16:58:29,349  DEBUG  ThreadID: [6]  Class: Weetop.Web.member.Account
查询账号额度接口 QueryAccountBalance:
20161011165831,202

2016-10-11 16:58:29,488  DEBUG  ThreadID: [6]  Class: Weetop.Web.member.Account
查询账号额度接口 QueryAccountBalance:
http://120.26.69.248/msg/QueryAccountBalance?username=sykj20i6&password=b990106b4a841ab832e95e0563b1e32f&timestamp=20161011165829&account=Pt3X6nNXDSI%3d

2016-10-11 16:58:29,493  DEBUG  ThreadID: [6]  Class: Weetop.Web.member.Account
查询账号额度接口 QueryAccountBalance:
20161011165831,202

2016-10-11 16:58:29,548  DEBUG  ThreadID: [6]  Class: Weetop.Web.member.Account
查询统计报表接口 QueryReportSys:
http://120.26.69.248/msg/QueryReportSys?username=sykj20i6&password=b990106b4a841ab832e95e0563b1e32f&timestamp=20161011165829&account=2MvMiNPrWac%3d&startDate=20161001&endDate=20161031

2016-10-11 16:58:29,553  DEBUG  ThreadID: [6]  Class: Weetop.Web.member.Account
查询统计报表接口 QueryReportSys:
20161011165831,202

2016-10-11 16:58:29,605  DEBUG  ThreadID: [6]  Class: Weetop.Web.member.Account
查询统计报表接口 QueryReportSys:
http://120.26.69.248/msg/QueryReportSys?username=sykj20i6&password=b990106b4a841ab832e95e0563b1e32f&timestamp=20161011165829&account=DwXFgTDhCl8%3d&startDate=20161001&endDate=20161031

2016-10-11 16:58:29,614  DEBUG  ThreadID: [6]  Class: Weetop.Web.member.Account
查询统计报表接口 QueryReportSys:
20161011165831,202

2016-10-11 16:58:29,698  DEBUG  ThreadID: [6]  Class: Weetop.Web.member.Account
查询统计报表接口 QueryReportSys:
http://120.26.69.248/msg/QueryReportSys?username=sykj20i6&password=b990106b4a841ab832e95e0563b1e32f&timestamp=20161011165829&account=Pt3X6nNXDSI%3d&startDate=20161001&endDate=20161031

2016-10-11 16:58:29,833  DEBUG  ThreadID: [6]  Class: Weetop.Web.member.Account
查询统计报表接口 QueryReportSys:
20161011165831,202

2016-10-11 16:58:32,381  DEBUG  ThreadID: [7]  Class: Weetop.Web.member.Account
查询账号额度接口 QueryAccountBalance:
http://120.26.69.248/msg/QueryAccountBalance?username=sykj20i6&password=cdd442466c8443a6a97c68a0f3ff956d&timestamp=20161011165832&account=2MvMiNPrWac%3d

2016-10-11 16:58:32,386  DEBUG  ThreadID: [7]  Class: Weetop.Web.member.Account
查询账号额度接口 QueryAccountBalance:
20161011165834,202

2016-10-11 16:58:32,438  DEBUG  ThreadID: [7]  Class: Weetop.Web.member.Account
查询账号额度接口 QueryAccountBalance:
http://120.26.69.248/msg/QueryAccountBalance?username=sykj20i6&password=cdd442466c8443a6a97c68a0f3ff956d&timestamp=20161011165832&account=DwXFgTDhCl8%3d

2016-10-11 16:58:32,454  DEBUG  ThreadID: [7]  Class: Weetop.Web.member.Account
查询账号额度接口 QueryAccountBalance:
20161011165834,202

2016-10-11 16:58:32,503  DEBUG  ThreadID: [7]  Class: Weetop.Web.member.Account
查询账号额度接口 QueryAccountBalance:
http://120.26.69.248/msg/QueryAccountBalance?username=sykj20i6&password=cdd442466c8443a6a97c68a0f3ff956d&timestamp=20161011165832&account=Pt3X6nNXDSI%3d

2016-10-11 16:58:32,508  DEBUG  ThreadID: [7]  Class: Weetop.Web.member.Account
查询账号额度接口 QueryAccountBalance:
20161011165834,202

2016-10-11 16:58:32,555  DEBUG  ThreadID: [7]  Class: Weetop.Web.member.Account
查询统计报表接口 QueryReportSys:
http://120.26.69.248/msg/QueryReportSys?username=sykj20i6&password=cdd442466c8443a6a97c68a0f3ff956d&timestamp=20161011165832&account=2MvMiNPrWac%3d&startDate=20161001&endDate=20161031

2016-10-11 16:58:32,560  DEBUG  ThreadID: [7]  Class: Weetop.Web.member.Account
查询统计报表接口 QueryReportSys:
20161011165834,202

2016-10-11 16:58:32,602  DEBUG  ThreadID: [7]  Class: Weetop.Web.member.Account
查询统计报表接口 QueryReportSys:
http://120.26.69.248/msg/QueryReportSys?username=sykj20i6&password=cdd442466c8443a6a97c68a0f3ff956d&timestamp=20161011165832&account=DwXFgTDhCl8%3d&startDate=20161001&endDate=20161031

2016-10-11 16:58:32,607  DEBUG  ThreadID: [7]  Class: Weetop.Web.member.Account
查询统计报表接口 QueryReportSys:
20161011165834,202

2016-10-11 16:58:32,664  DEBUG  ThreadID: [7]  Class: Weetop.Web.member.Account
查询统计报表接口 QueryReportSys:
http://120.26.69.248/msg/QueryReportSys?username=sykj20i6&password=cdd442466c8443a6a97c68a0f3ff956d&timestamp=20161011165832&account=Pt3X6nNXDSI%3d&startDate=20161001&endDate=20161031

2016-10-11 16:58:32,671  DEBUG  ThreadID: [7]  Class: Weetop.Web.member.Account
查询统计报表接口 QueryReportSys:
20161011165834,202

2016-10-11 16:59:30,733  DEBUG  ThreadID: [7]  Class: Weetop.Web.member.Account
查询账号额度接口 QueryAccountBalance:
http://120.26.69.248/msg/QueryAccountBalance?username=sykj20i6&password=42412c4e6b3d7ec476e79a6a7a7b1e3c&timestamp=20161011165930&account=2MvMiNPrWac%3d

2016-10-11 16:59:30,871  DEBUG  ThreadID: [7]  Class: Weetop.Web.member.Account
查询账号额度接口 QueryAccountBalance:
20161011165932,202

2016-10-11 16:59:30,943  DEBUG  ThreadID: [7]  Class: Weetop.Web.member.Account
查询账号额度接口 QueryAccountBalance:
http://120.26.69.248/msg/QueryAccountBalance?username=sykj20i6&password=42412c4e6b3d7ec476e79a6a7a7b1e3c&timestamp=20161011165930&account=DwXFgTDhCl8%3d

2016-10-11 16:59:30,968  DEBUG  ThreadID: [7]  Class: Weetop.Web.member.Account
查询账号额度接口 QueryAccountBalance:
20161011165932,202

2016-10-11 16:59:31,186  DEBUG  ThreadID: [7]  Class: Weetop.Web.member.Account
查询账号额度接口 QueryAccountBalance:
http://120.26.69.248/msg/QueryAccountBalance?username=sykj20i6&password=501b77058a69a364601cc887f0467316&timestamp=20161011165931&account=Pt3X6nNXDSI%3d

2016-10-11 16:59:31,284  DEBUG  ThreadID: [7]  Class: Weetop.Web.member.Account
查询账号额度接口 QueryAccountBalance:
20161011165932,202

2016-10-11 16:59:31,436  DEBUG  ThreadID: [7]  Class: Weetop.Web.member.Account
查询统计报表接口 QueryReportSys:
http://120.26.69.248/msg/QueryReportSys?username=sykj20i6&password=501b77058a69a364601cc887f0467316&timestamp=20161011165931&account=2MvMiNPrWac%3d&startDate=20161001&endDate=20161031

2016-10-11 16:59:31,488  DEBUG  ThreadID: [7]  Class: Weetop.Web.member.Account
查询统计报表接口 QueryReportSys:
20161011165933,202

2016-10-11 16:59:31,539  DEBUG  ThreadID: [7]  Class: Weetop.Web.member.Account
查询统计报表接口 QueryReportSys:
http://120.26.69.248/msg/QueryReportSys?username=sykj20i6&password=501b77058a69a364601cc887f0467316&timestamp=20161011165931&account=DwXFgTDhCl8%3d&startDate=20161001&endDate=20161031

2016-10-11 16:59:31,546  DEBUG  ThreadID: [7]  Class: Weetop.Web.member.Account
查询统计报表接口 QueryReportSys:
20161011165933,202

2016-10-11 16:59:31,610  DEBUG  ThreadID: [7]  Class: Weetop.Web.member.Account
查询统计报表接口 QueryReportSys:
http://120.26.69.248/msg/QueryReportSys?username=sykj20i6&password=501b77058a69a364601cc887f0467316&timestamp=20161011165931&account=Pt3X6nNXDSI%3d&startDate=20161001&endDate=20161031

2016-10-11 16:59:31,644  DEBUG  ThreadID: [7]  Class: Weetop.Web.member.Account
查询统计报表接口 QueryReportSys:
20161011165933,202

2016-10-11 16:59:32,333  DEBUG  ThreadID: [7]  Class: Weetop.Web.member.Account
查询账号额度接口 QueryAccountBalance:
http://120.26.69.248/msg/QueryAccountBalance?username=sykj20i6&password=42a5232b7dd0fadc60b1c908173d7082&timestamp=20161011165932&account=2MvMiNPrWac%3d

2016-10-11 16:59:32,390  DEBUG  ThreadID: [7]  Class: Weetop.Web.member.Account
查询账号额度接口 QueryAccountBalance:
20161011165934,202

2016-10-11 16:59:32,572  DEBUG  ThreadID: [7]  Class: Weetop.Web.member.Account
查询账号额度接口 QueryAccountBalance:
http://120.26.69.248/msg/QueryAccountBalance?username=sykj20i6&password=42a5232b7dd0fadc60b1c908173d7082&timestamp=20161011165932&account=DwXFgTDhCl8%3d

2016-10-11 16:59:32,577  DEBUG  ThreadID: [7]  Class: Weetop.Web.member.Account
查询账号额度接口 QueryAccountBalance:
20161011165934,202

2016-10-11 16:59:32,651  DEBUG  ThreadID: [7]  Class: Weetop.Web.member.Account
查询账号额度接口 QueryAccountBalance:
http://120.26.69.248/msg/QueryAccountBalance?username=sykj20i6&password=42a5232b7dd0fadc60b1c908173d7082&timestamp=20161011165932&account=Pt3X6nNXDSI%3d

2016-10-11 16:59:32,657  DEBUG  ThreadID: [7]  Class: Weetop.Web.member.Account
查询账号额度接口 QueryAccountBalance:
20161011165934,202

2016-10-11 16:59:32,779  DEBUG  ThreadID: [7]  Class: Weetop.Web.member.Account
查询统计报表接口 QueryReportSys:
http://120.26.69.248/msg/QueryReportSys?username=sykj20i6&password=42a5232b7dd0fadc60b1c908173d7082&timestamp=20161011165932&account=2MvMiNPrWac%3d&startDate=20161001&endDate=20161031

2016-10-11 16:59:32,831  DEBUG  ThreadID: [7]  Class: Weetop.Web.member.Account
查询统计报表接口 QueryReportSys:
20161011165934,202

2016-10-11 16:59:32,958  DEBUG  ThreadID: [7]  Class: Weetop.Web.member.Account
查询统计报表接口 QueryReportSys:
http://120.26.69.248/msg/QueryReportSys?username=sykj20i6&password=42a5232b7dd0fadc60b1c908173d7082&timestamp=20161011165932&account=DwXFgTDhCl8%3d&startDate=20161001&endDate=20161031

2016-10-11 16:59:32,966  DEBUG  ThreadID: [7]  Class: Weetop.Web.member.Account
查询统计报表接口 QueryReportSys:
20161011165934,202

2016-10-11 16:59:33,071  DEBUG  ThreadID: [7]  Class: Weetop.Web.member.Account
查询统计报表接口 QueryReportSys:
http://120.26.69.248/msg/QueryReportSys?username=sykj20i6&password=bc1545f679f3a8c765909e53c6eb9055&timestamp=20161011165933&account=Pt3X6nNXDSI%3d&startDate=20161001&endDate=20161031

2016-10-11 16:59:33,143  DEBUG  ThreadID: [7]  Class: Weetop.Web.member.Account
查询统计报表接口 QueryReportSys:
20161011165934,202

2016-10-11 16:59:35,055  DEBUG  ThreadID: [7]  Class: Weetop.Web.member.SmsCount
查询统计报表接口 QueryReportSys:
http://120.26.69.248/msg/QueryReportSys?username=sykj20i6&password=e25e8566a2d1375b8b3c7555cf4db48d&timestamp=20161011165934&account=2MvMiNPrWac%3d&startDate=20161004&endDate=20161011

2016-10-11 16:59:35,101  DEBUG  ThreadID: [7]  Class: Weetop.Web.member.SmsCount
查询统计报表接口 QueryReportSys:
20161011165936,202

2016-10-11 16:59:38,996  DEBUG  ThreadID: [7]  Class: Weetop.Web.member.Account
查询账号额度接口 QueryAccountBalance:
http://120.26.69.248/msg/QueryAccountBalance?username=sykj20i6&password=9a774be78bcbf84429fdbf32ca614c03&timestamp=20161011165938&account=2MvMiNPrWac%3d

2016-10-11 16:59:39,003  DEBUG  ThreadID: [7]  Class: Weetop.Web.member.Account
查询账号额度接口 QueryAccountBalance:
20161011165940,202

2016-10-11 16:59:39,178  DEBUG  ThreadID: [7]  Class: Weetop.Web.member.Account
查询账号额度接口 QueryAccountBalance:
http://120.26.69.248/msg/QueryAccountBalance?username=sykj20i6&password=3916df14de7fdf97ee4e37482435b38f&timestamp=20161011165939&account=DwXFgTDhCl8%3d

2016-10-11 16:59:39,226  DEBUG  ThreadID: [7]  Class: Weetop.Web.member.Account
查询账号额度接口 QueryAccountBalance:
20161011165940,202

2016-10-11 16:59:39,299  DEBUG  ThreadID: [7]  Class: Weetop.Web.member.Account
查询账号额度接口 QueryAccountBalance:
http://120.26.69.248/msg/QueryAccountBalance?username=sykj20i6&password=3916df14de7fdf97ee4e37482435b38f&timestamp=20161011165939&account=Pt3X6nNXDSI%3d

2016-10-11 16:59:39,317  DEBUG  ThreadID: [7]  Class: Weetop.Web.member.Account
查询账号额度接口 QueryAccountBalance:
20161011165941,202

2016-10-11 16:59:39,363  DEBUG  ThreadID: [7]  Class: Weetop.Web.member.Account
查询统计报表接口 QueryReportSys:
http://120.26.69.248/msg/QueryReportSys?username=sykj20i6&password=3916df14de7fdf97ee4e37482435b38f&timestamp=20161011165939&account=2MvMiNPrWac%3d&startDate=20161001&endDate=20161031

2016-10-11 16:59:39,379  DEBUG  ThreadID: [7]  Class: Weetop.Web.member.Account
查询统计报表接口 QueryReportSys:
20161011165941,202

2016-10-11 16:59:39,571  DEBUG  ThreadID: [7]  Class: Weetop.Web.member.Account
查询统计报表接口 QueryReportSys:
http://120.26.69.248/msg/QueryReportSys?username=sykj20i6&password=3916df14de7fdf97ee4e37482435b38f&timestamp=20161011165939&account=DwXFgTDhCl8%3d&startDate=20161001&endDate=20161031

2016-10-11 16:59:39,682  DEBUG  ThreadID: [7]  Class: Weetop.Web.member.Account
查询统计报表接口 QueryReportSys:
20161011165941,202

2016-10-11 16:59:39,729  DEBUG  ThreadID: [7]  Class: Weetop.Web.member.Account
查询统计报表接口 QueryReportSys:
http://120.26.69.248/msg/QueryReportSys?username=sykj20i6&password=3916df14de7fdf97ee4e37482435b38f&timestamp=20161011165939&account=Pt3X6nNXDSI%3d&startDate=20161001&endDate=20161031

2016-10-11 16:59:39,729  DEBUG  ThreadID: [7]  Class: Weetop.Web.member.Account
查询统计报表接口 QueryReportSys:
20161011165941,202

