2016-10-11 20:16:06,137  INFO   ThreadID: [1]  Class: Weetop.Web.Global
###网站启动###

2016-10-11 20:18:14,116  DEBUG  ThreadID: [8]  Class: Weetop.Web.member.Account
查询账号额度接口 QueryAccountBalance:
http://120.26.69.248/msg/QueryAccountBalance?username=sykj20i6&password=e5db7a897b5da9ed32fb7386bae7c341&timestamp=20161011201814&account=2MvMiNPrWac%3d

2016-10-11 20:18:14,127  DEBUG  ThreadID: [8]  Class: Weetop.Web.member.Account
查询账号额度接口 QueryAccountBalance:
20161011201815,202

2016-10-11 20:18:14,181  DEBUG  ThreadID: [8]  Class: Weetop.Web.member.Account
查询账号额度接口 QueryAccountBalance:
http://120.26.69.248/msg/QueryAccountBalance?username=sykj20i6&password=e5db7a897b5da9ed32fb7386bae7c341&timestamp=20161011201814&account=DwXFgTDhCl8%3d

2016-10-11 20:18:14,188  DEBUG  ThreadID: [8]  Class: Weetop.Web.member.Account
查询账号额度接口 QueryAccountBalance:
20161011201815,202

2016-10-11 20:18:14,239  DEBUG  ThreadID: [8]  Class: Weetop.Web.member.Account
查询账号额度接口 QueryAccountBalance:
http://120.26.69.248/msg/QueryAccountBalance?username=sykj20i6&password=e5db7a897b5da9ed32fb7386bae7c341&timestamp=20161011201814&account=Pt3X6nNXDSI%3d

2016-10-11 20:18:14,244  DEBUG  ThreadID: [8]  Class: Weetop.Web.member.Account
查询账号额度接口 QueryAccountBalance:
20161011201815,202

2016-10-11 20:18:14,278  DEBUG  ThreadID: [8]  Class: Weetop.Web.member.Account
查询统计报表接口 QueryReportSys:
http://120.26.69.248/msg/QueryReportSys?username=sykj20i6&password=e5db7a897b5da9ed32fb7386bae7c341&timestamp=20161011201814&account=2MvMiNPrWac%3d&startDate=20161001&endDate=20161031

2016-10-11 20:18:14,283  DEBUG  ThreadID: [8]  Class: Weetop.Web.member.Account
查询统计报表接口 QueryReportSys:
20161011201816,202

2016-10-11 20:18:14,338  DEBUG  ThreadID: [8]  Class: Weetop.Web.member.Account
查询统计报表接口 QueryReportSys:
http://120.26.69.248/msg/QueryReportSys?username=sykj20i6&password=e5db7a897b5da9ed32fb7386bae7c341&timestamp=20161011201814&account=DwXFgTDhCl8%3d&startDate=20161001&endDate=20161031

2016-10-11 20:18:14,343  DEBUG  ThreadID: [8]  Class: Weetop.Web.member.Account
查询统计报表接口 QueryReportSys:
20161011201816,202

2016-10-11 20:18:14,377  DEBUG  ThreadID: [8]  Class: Weetop.Web.member.Account
查询统计报表接口 QueryReportSys:
http://120.26.69.248/msg/QueryReportSys?username=sykj20i6&password=e5db7a897b5da9ed32fb7386bae7c341&timestamp=20161011201814&account=Pt3X6nNXDSI%3d&startDate=20161001&endDate=20161031

2016-10-11 20:18:14,382  DEBUG  ThreadID: [8]  Class: Weetop.Web.member.Account
查询统计报表接口 QueryReportSys:
20161011201816,202

2016-10-11 20:33:38,092  INFO   ThreadID: [1]  Class: Weetop.Web.Global
###网站启动###

2016-10-11 20:33:45,502  DEBUG  ThreadID: [7]  Class: Weetop.Web.member.Account
查询账号额度接口 QueryAccountBalance:
http://120.26.69.248/msg/QueryAccountBalance?username=sykj20i6&password=63a3be03bd1af1a3e81db5850069fce4&timestamp=20161011203345&account=2MvMiNPrWac%3d

2016-10-11 20:33:45,553  DEBUG  ThreadID: [7]  Class: Weetop.Web.member.Account
查询账号额度接口 QueryAccountBalance:
20161011203347,202

2016-10-11 20:33:45,634  DEBUG  ThreadID: [7]  Class: Weetop.Web.member.Account
查询账号额度接口 QueryAccountBalance:
http://120.26.69.248/msg/QueryAccountBalance?username=sykj20i6&password=63a3be03bd1af1a3e81db5850069fce4&timestamp=20161011203345&account=DwXFgTDhCl8%3d

2016-10-11 20:33:45,644  DEBUG  ThreadID: [7]  Class: Weetop.Web.member.Account
查询账号额度接口 QueryAccountBalance:
20161011203347,202

2016-10-11 20:33:45,695  DEBUG  ThreadID: [7]  Class: Weetop.Web.member.Account
查询账号额度接口 QueryAccountBalance:
http://120.26.69.248/msg/QueryAccountBalance?username=sykj20i6&password=63a3be03bd1af1a3e81db5850069fce4&timestamp=20161011203345&account=Pt3X6nNXDSI%3d

2016-10-11 20:33:45,700  DEBUG  ThreadID: [7]  Class: Weetop.Web.member.Account
查询账号额度接口 QueryAccountBalance:
20161011203347,202

2016-10-11 20:33:45,742  DEBUG  ThreadID: [7]  Class: Weetop.Web.member.Account
查询统计报表接口 QueryReportSys:
http://120.26.69.248/msg/QueryReportSys?username=sykj20i6&password=63a3be03bd1af1a3e81db5850069fce4&timestamp=20161011203345&account=2MvMiNPrWac%3d&startDate=20161001&endDate=20161031

2016-10-11 20:33:45,747  DEBUG  ThreadID: [7]  Class: Weetop.Web.member.Account
查询统计报表接口 QueryReportSys:
20161011203347,202

2016-10-11 20:33:45,782  DEBUG  ThreadID: [7]  Class: Weetop.Web.member.Account
查询统计报表接口 QueryReportSys:
http://120.26.69.248/msg/QueryReportSys?username=sykj20i6&password=63a3be03bd1af1a3e81db5850069fce4&timestamp=20161011203345&account=DwXFgTDhCl8%3d&startDate=20161001&endDate=20161031

2016-10-11 20:33:45,788  DEBUG  ThreadID: [7]  Class: Weetop.Web.member.Account
查询统计报表接口 QueryReportSys:
20161011203347,202

2016-10-11 20:33:45,820  DEBUG  ThreadID: [7]  Class: Weetop.Web.member.Account
查询统计报表接口 QueryReportSys:
http://120.26.69.248/msg/QueryReportSys?username=sykj20i6&password=63a3be03bd1af1a3e81db5850069fce4&timestamp=20161011203345&account=Pt3X6nNXDSI%3d&startDate=20161001&endDate=20161031

2016-10-11 20:33:45,825  DEBUG  ThreadID: [7]  Class: Weetop.Web.member.Account
查询统计报表接口 QueryReportSys:
20161011203347,202

2016-10-11 20:40:53,603  INFO   ThreadID: [1]  Class: Weetop.Web.Global
###网站启动###

2016-10-11 20:41:23,301  DEBUG  ThreadID: [7]  Class: Weetop.Web.member.Account
查询账号额度接口 QueryAccountBalance:
http://120.26.69.248/msg/QueryAccountBalance?username=sykj20i6&password=6b47070684fd3a06a74aa08148666fb9&timestamp=20161011204123&account=2MvMiNPrWac%3d

2016-10-11 20:41:23,314  DEBUG  ThreadID: [7]  Class: Weetop.Web.member.Account
查询账号额度接口 QueryAccountBalance:
20161011204125,202

2016-10-11 20:41:23,371  DEBUG  ThreadID: [7]  Class: Weetop.Web.member.Account
查询账号额度接口 QueryAccountBalance:
http://120.26.69.248/msg/QueryAccountBalance?username=sykj20i6&password=6b47070684fd3a06a74aa08148666fb9&timestamp=20161011204123&account=DwXFgTDhCl8%3d

2016-10-11 20:41:23,378  DEBUG  ThreadID: [7]  Class: Weetop.Web.member.Account
查询账号额度接口 QueryAccountBalance:
20161011204125,202

2016-10-11 20:41:23,428  DEBUG  ThreadID: [7]  Class: Weetop.Web.member.Account
查询账号额度接口 QueryAccountBalance:
http://120.26.69.248/msg/QueryAccountBalance?username=sykj20i6&password=6b47070684fd3a06a74aa08148666fb9&timestamp=20161011204123&account=Pt3X6nNXDSI%3d

2016-10-11 20:41:23,434  DEBUG  ThreadID: [7]  Class: Weetop.Web.member.Account
查询账号额度接口 QueryAccountBalance:
20161011204125,202

2016-10-11 20:41:23,468  DEBUG  ThreadID: [7]  Class: Weetop.Web.member.Account
查询统计报表接口 QueryReportSys:
http://120.26.69.248/msg/QueryReportSys?username=sykj20i6&password=6b47070684fd3a06a74aa08148666fb9&timestamp=20161011204123&account=2MvMiNPrWac%3d&startDate=20161001&endDate=20161031

2016-10-11 20:41:23,474  DEBUG  ThreadID: [7]  Class: Weetop.Web.member.Account
查询统计报表接口 QueryReportSys:
20161011204125,202

2016-10-11 20:41:23,509  DEBUG  ThreadID: [7]  Class: Weetop.Web.member.Account
查询统计报表接口 QueryReportSys:
http://120.26.69.248/msg/QueryReportSys?username=sykj20i6&password=6b47070684fd3a06a74aa08148666fb9&timestamp=20161011204123&account=DwXFgTDhCl8%3d&startDate=20161001&endDate=20161031

2016-10-11 20:41:23,514  DEBUG  ThreadID: [7]  Class: Weetop.Web.member.Account
查询统计报表接口 QueryReportSys:
20161011204125,202

2016-10-11 20:41:23,550  DEBUG  ThreadID: [7]  Class: Weetop.Web.member.Account
查询统计报表接口 QueryReportSys:
http://120.26.69.248/msg/QueryReportSys?username=sykj20i6&password=6b47070684fd3a06a74aa08148666fb9&timestamp=20161011204123&account=Pt3X6nNXDSI%3d&startDate=20161001&endDate=20161031

2016-10-11 20:41:23,556  DEBUG  ThreadID: [7]  Class: Weetop.Web.member.Account
查询统计报表接口 QueryReportSys:
20161011204125,202

2016-10-11 20:45:03,051  INFO   ThreadID: [1]  Class: Weetop.Web.Global
###网站启动###

2016-10-11 20:45:11,290  DEBUG  ThreadID: [7]  Class: Weetop.Web.member.Account
查询账号额度接口 QueryAccountBalance:
http://120.26.69.248/msg/QueryAccountBalance?username=sykj20i6&password=ea11319fdb8a3489efe09d50ac972096&timestamp=20161011204511&account=2MvMiNPrWac%3d

2016-10-11 20:45:11,345  DEBUG  ThreadID: [7]  Class: Weetop.Web.member.Account
查询账号额度接口 QueryAccountBalance:
20161011204513,202

2016-10-11 20:45:11,405  DEBUG  ThreadID: [7]  Class: Weetop.Web.member.Account
查询账号额度接口 QueryAccountBalance:
http://120.26.69.248/msg/QueryAccountBalance?username=sykj20i6&password=ea11319fdb8a3489efe09d50ac972096&timestamp=20161011204511&account=DwXFgTDhCl8%3d

2016-10-11 20:45:11,412  DEBUG  ThreadID: [7]  Class: Weetop.Web.member.Account
查询账号额度接口 QueryAccountBalance:
20161011204513,202

2016-10-11 20:45:11,480  DEBUG  ThreadID: [7]  Class: Weetop.Web.member.Account
查询账号额度接口 QueryAccountBalance:
http://120.26.69.248/msg/QueryAccountBalance?username=sykj20i6&password=ea11319fdb8a3489efe09d50ac972096&timestamp=20161011204511&account=Pt3X6nNXDSI%3d

2016-10-11 20:45:11,486  DEBUG  ThreadID: [7]  Class: Weetop.Web.member.Account
查询账号额度接口 QueryAccountBalance:
20161011204513,202

2016-10-11 20:45:11,533  DEBUG  ThreadID: [7]  Class: Weetop.Web.member.Account
查询统计报表接口 QueryReportSys:
http://120.26.69.248/msg/QueryReportSys?username=sykj20i6&password=ea11319fdb8a3489efe09d50ac972096&timestamp=20161011204511&account=2MvMiNPrWac%3d&startDate=20161001&endDate=20161031

2016-10-11 20:45:11,539  DEBUG  ThreadID: [7]  Class: Weetop.Web.member.Account
查询统计报表接口 QueryReportSys:
20161011204513,202

2016-10-11 20:45:11,588  DEBUG  ThreadID: [7]  Class: Weetop.Web.member.Account
查询统计报表接口 QueryReportSys:
http://120.26.69.248/msg/QueryReportSys?username=sykj20i6&password=ea11319fdb8a3489efe09d50ac972096&timestamp=20161011204511&account=DwXFgTDhCl8%3d&startDate=20161001&endDate=20161031

2016-10-11 20:45:11,594  DEBUG  ThreadID: [7]  Class: Weetop.Web.member.Account
查询统计报表接口 QueryReportSys:
20161011204513,202

2016-10-11 20:45:11,634  DEBUG  ThreadID: [7]  Class: Weetop.Web.member.Account
查询统计报表接口 QueryReportSys:
http://120.26.69.248/msg/QueryReportSys?username=sykj20i6&password=ea11319fdb8a3489efe09d50ac972096&timestamp=20161011204511&account=Pt3X6nNXDSI%3d&startDate=20161001&endDate=20161031

2016-10-11 20:45:11,640  DEBUG  ThreadID: [7]  Class: Weetop.Web.member.Account
查询统计报表接口 QueryReportSys:
20161011204513,202

2016-10-11 20:48:42,720  DEBUG  ThreadID: [14]  Class: Weetop.Web.member.Account
查询账号额度接口 QueryAccountBalance:
http://120.26.69.248/msg/QueryAccountBalance?username=sykj20i6&password=6f7f5ae720df8f755dcba579d67b5024&timestamp=20161011204842&account=2MvMiNPrWac%3d

2016-10-11 20:48:42,731  DEBUG  ThreadID: [14]  Class: Weetop.Web.member.Account
查询账号额度接口 QueryAccountBalance:
20161011204844,202

2016-10-11 20:48:42,783  DEBUG  ThreadID: [14]  Class: Weetop.Web.member.Account
查询账号额度接口 QueryAccountBalance:
http://120.26.69.248/msg/QueryAccountBalance?username=sykj20i6&password=6f7f5ae720df8f755dcba579d67b5024&timestamp=20161011204842&account=DwXFgTDhCl8%3d

2016-10-11 20:48:42,790  DEBUG  ThreadID: [14]  Class: Weetop.Web.member.Account
查询账号额度接口 QueryAccountBalance:
20161011204844,202

2016-10-11 20:48:42,835  DEBUG  ThreadID: [14]  Class: Weetop.Web.member.Account
查询账号额度接口 QueryAccountBalance:
http://120.26.69.248/msg/QueryAccountBalance?username=sykj20i6&password=6f7f5ae720df8f755dcba579d67b5024&timestamp=20161011204842&account=Pt3X6nNXDSI%3d

2016-10-11 20:48:42,841  DEBUG  ThreadID: [14]  Class: Weetop.Web.member.Account
查询账号额度接口 QueryAccountBalance:
20161011204844,202

2016-10-11 20:48:42,905  DEBUG  ThreadID: [14]  Class: Weetop.Web.member.Account
查询统计报表接口 QueryReportSys:
http://120.26.69.248/msg/QueryReportSys?username=sykj20i6&password=6f7f5ae720df8f755dcba579d67b5024&timestamp=20161011204842&account=2MvMiNPrWac%3d&startDate=20161001&endDate=20161031

2016-10-11 20:48:42,949  DEBUG  ThreadID: [14]  Class: Weetop.Web.member.Account
查询统计报表接口 QueryReportSys:
20161011204844,202

2016-10-11 20:48:43,077  DEBUG  ThreadID: [14]  Class: Weetop.Web.member.Account
查询统计报表接口 QueryReportSys:
http://120.26.69.248/msg/QueryReportSys?username=sykj20i6&password=93c91007c955d97122f4e322e029efdc&timestamp=20161011204843&account=DwXFgTDhCl8%3d&startDate=20161001&endDate=20161031

2016-10-11 20:48:43,082  DEBUG  ThreadID: [14]  Class: Weetop.Web.member.Account
查询统计报表接口 QueryReportSys:
20161011204844,202

2016-10-11 20:48:43,115  DEBUG  ThreadID: [14]  Class: Weetop.Web.member.Account
查询统计报表接口 QueryReportSys:
http://120.26.69.248/msg/QueryReportSys?username=sykj20i6&password=93c91007c955d97122f4e322e029efdc&timestamp=20161011204843&account=Pt3X6nNXDSI%3d&startDate=20161001&endDate=20161031

2016-10-11 20:48:43,120  DEBUG  ThreadID: [14]  Class: Weetop.Web.member.Account
查询统计报表接口 QueryReportSys:
20161011204844,202

2016-10-11 20:51:35,442  DEBUG  ThreadID: [6]  Class: Weetop.Web.member.Account
查询账号额度接口 QueryAccountBalance:
http://120.26.69.248/msg/QueryAccountBalance?username=sykj20i6&password=35e0c8110a68ef8fd955ea360f4d0127&timestamp=20161011205135&account=2MvMiNPrWac%3d

2016-10-11 20:51:35,453  DEBUG  ThreadID: [6]  Class: Weetop.Web.member.Account
查询账号额度接口 QueryAccountBalance:
20161011205137,202

2016-10-11 20:51:35,501  DEBUG  ThreadID: [6]  Class: Weetop.Web.member.Account
查询账号额度接口 QueryAccountBalance:
http://120.26.69.248/msg/QueryAccountBalance?username=sykj20i6&password=35e0c8110a68ef8fd955ea360f4d0127&timestamp=20161011205135&account=DwXFgTDhCl8%3d

2016-10-11 20:51:35,508  DEBUG  ThreadID: [6]  Class: Weetop.Web.member.Account
查询账号额度接口 QueryAccountBalance:
20161011205137,202

2016-10-11 20:51:35,566  DEBUG  ThreadID: [6]  Class: Weetop.Web.member.Account
查询账号额度接口 QueryAccountBalance:
http://120.26.69.248/msg/QueryAccountBalance?username=sykj20i6&password=35e0c8110a68ef8fd955ea360f4d0127&timestamp=20161011205135&account=Pt3X6nNXDSI%3d

2016-10-11 20:51:35,573  DEBUG  ThreadID: [6]  Class: Weetop.Web.member.Account
查询账号额度接口 QueryAccountBalance:
20161011205137,202

2016-10-11 20:51:35,612  DEBUG  ThreadID: [6]  Class: Weetop.Web.member.Account
查询统计报表接口 QueryReportSys:
http://120.26.69.248/msg/QueryReportSys?username=sykj20i6&password=35e0c8110a68ef8fd955ea360f4d0127&timestamp=20161011205135&account=2MvMiNPrWac%3d&startDate=20161001&endDate=20161031

2016-10-11 20:51:35,623  DEBUG  ThreadID: [6]  Class: Weetop.Web.member.Account
查询统计报表接口 QueryReportSys:
20161011205137,202

2016-10-11 20:51:35,699  DEBUG  ThreadID: [6]  Class: Weetop.Web.member.Account
查询统计报表接口 QueryReportSys:
http://120.26.69.248/msg/QueryReportSys?username=sykj20i6&password=35e0c8110a68ef8fd955ea360f4d0127&timestamp=20161011205135&account=DwXFgTDhCl8%3d&startDate=20161001&endDate=20161031

2016-10-11 20:51:35,704  DEBUG  ThreadID: [6]  Class: Weetop.Web.member.Account
查询统计报表接口 QueryReportSys:
20161011205137,202

2016-10-11 20:51:35,750  DEBUG  ThreadID: [6]  Class: Weetop.Web.member.Account
查询统计报表接口 QueryReportSys:
http://120.26.69.248/msg/QueryReportSys?username=sykj20i6&password=35e0c8110a68ef8fd955ea360f4d0127&timestamp=20161011205135&account=Pt3X6nNXDSI%3d&startDate=20161001&endDate=20161031

2016-10-11 20:51:35,756  DEBUG  ThreadID: [6]  Class: Weetop.Web.member.Account
查询统计报表接口 QueryReportSys:
20161011205137,202

2016-10-11 20:55:38,902  INFO   ThreadID: [1]  Class: Weetop.Web.Global
###网站启动###

2016-10-11 20:55:45,343  DEBUG  ThreadID: [6]  Class: Weetop.Web.member.Account
查询账号额度接口 QueryAccountBalance:
http://120.26.69.248/msg/QueryAccountBalance?username=sykj20i6&password=3fd545a45b2ed525c48ad2c8039bd1e7&timestamp=20161011205545&account=2MvMiNPrWac%3d

2016-10-11 20:55:45,384  DEBUG  ThreadID: [6]  Class: Weetop.Web.member.Account
查询账号额度接口 QueryAccountBalance:
20161011205547,202

2016-10-11 20:55:45,461  DEBUG  ThreadID: [6]  Class: Weetop.Web.member.Account
查询账号额度接口 QueryAccountBalance:
http://120.26.69.248/msg/QueryAccountBalance?username=sykj20i6&password=3fd545a45b2ed525c48ad2c8039bd1e7&timestamp=20161011205545&account=DwXFgTDhCl8%3d

2016-10-11 20:55:45,470  DEBUG  ThreadID: [6]  Class: Weetop.Web.member.Account
查询账号额度接口 QueryAccountBalance:
20161011205547,202

2016-10-11 20:55:45,519  DEBUG  ThreadID: [6]  Class: Weetop.Web.member.Account
查询账号额度接口 QueryAccountBalance:
http://120.26.69.248/msg/QueryAccountBalance?username=sykj20i6&password=3fd545a45b2ed525c48ad2c8039bd1e7&timestamp=20161011205545&account=Pt3X6nNXDSI%3d

2016-10-11 20:55:45,526  DEBUG  ThreadID: [6]  Class: Weetop.Web.member.Account
查询账号额度接口 QueryAccountBalance:
20161011205547,202

2016-10-11 20:55:45,563  DEBUG  ThreadID: [6]  Class: Weetop.Web.member.Account
查询统计报表接口 QueryReportSys:
http://120.26.69.248/msg/QueryReportSys?username=sykj20i6&password=3fd545a45b2ed525c48ad2c8039bd1e7&timestamp=20161011205545&account=2MvMiNPrWac%3d&startDate=20161001&endDate=20161031

2016-10-11 20:55:45,568  DEBUG  ThreadID: [6]  Class: Weetop.Web.member.Account
查询统计报表接口 QueryReportSys:
20161011205547,202

2016-10-11 20:55:45,604  DEBUG  ThreadID: [6]  Class: Weetop.Web.member.Account
查询统计报表接口 QueryReportSys:
http://120.26.69.248/msg/QueryReportSys?username=sykj20i6&password=3fd545a45b2ed525c48ad2c8039bd1e7&timestamp=20161011205545&account=DwXFgTDhCl8%3d&startDate=20161001&endDate=20161031

2016-10-11 20:55:45,609  DEBUG  ThreadID: [6]  Class: Weetop.Web.member.Account
查询统计报表接口 QueryReportSys:
20161011205547,202

2016-10-11 20:55:45,642  DEBUG  ThreadID: [6]  Class: Weetop.Web.member.Account
查询统计报表接口 QueryReportSys:
http://120.26.69.248/msg/QueryReportSys?username=sykj20i6&password=3fd545a45b2ed525c48ad2c8039bd1e7&timestamp=20161011205545&account=Pt3X6nNXDSI%3d&startDate=20161001&endDate=20161031

2016-10-11 20:55:45,662  DEBUG  ThreadID: [6]  Class: Weetop.Web.member.Account
查询统计报表接口 QueryReportSys:
20161011205547,202

